0 info it worked if it ends with ok
1 verbose cli [ '/usr/local/bin/node',
1 verbose cli   '/usr/local/bin/npm',
1 verbose cli   'install',
1 verbose cli   '--save',
1 verbose cli   'mongoose-findorcreate-promise' ]
2 info using npm@2.15.1
3 info using node@v4.4.3
4 verbose install initial load of /Users/magnojr/projetos/ioc/querocomprar/server/package.json
5 warn package.json querocomprar_server@0.0.1 No description
6 warn package.json querocomprar_server@0.0.1 No repository field.
7 warn package.json querocomprar_server@0.0.1 No README data
8 verbose installManyTop reading scoped package data from /Users/magnojr/projetos/ioc/querocomprar/server/node_modules/body-parser/package.json
9 verbose installManyTop reading scoped package data from /Users/magnojr/projetos/ioc/querocomprar/server/node_modules/browserify/package.json
10 verbose installManyTop reading scoped package data from /Users/magnojr/projetos/ioc/querocomprar/server/node_modules/chai/package.json
11 verbose installManyTop reading scoped package data from /Users/magnojr/projetos/ioc/querocomprar/server/node_modules/cookie-parser/package.json
12 verbose installManyTop reading scoped package data from /Users/magnojr/projetos/ioc/querocomprar/server/node_modules/ejs/package.json
13 verbose installManyTop reading scoped package data from /Users/magnojr/projetos/ioc/querocomprar/server/node_modules/express/package.json
14 verbose installManyTop reading scoped package data from /Users/magnojr/projetos/ioc/querocomprar/server/node_modules/express-load/package.json
15 verbose installManyTop reading scoped package data from /Users/magnojr/projetos/ioc/querocomprar/server/node_modules/express-session/package.json
16 verbose installManyTop reading scoped package data from /Users/magnojr/projetos/ioc/querocomprar/server/node_modules/grunt/package.json
17 verbose installManyTop reading scoped package data from /Users/magnojr/projetos/ioc/querocomprar/server/node_modules/grunt-contrib-clean/package.json
18 verbose installManyTop reading scoped package data from /Users/magnojr/projetos/ioc/querocomprar/server/node_modules/grunt-contrib-concat/package.json
19 verbose installManyTop reading scoped package data from /Users/magnojr/projetos/ioc/querocomprar/server/node_modules/grunt-contrib-copy/package.json
20 verbose installManyTop reading scoped package data from /Users/magnojr/projetos/ioc/querocomprar/server/node_modules/grunt-contrib-cssmin/package.json
21 verbose installManyTop reading scoped package data from /Users/magnojr/projetos/ioc/querocomprar/server/node_modules/grunt-contrib-uglify/package.json
22 verbose installManyTop reading scoped package data from /Users/magnojr/projetos/ioc/querocomprar/server/node_modules/grunt-ng-annotate/package.json
23 verbose installManyTop reading scoped package data from /Users/magnojr/projetos/ioc/querocomprar/server/node_modules/grunt-usemin/package.json
24 verbose installManyTop reading scoped package data from /Users/magnojr/projetos/ioc/querocomprar/server/node_modules/helmet/package.json
25 verbose installManyTop reading scoped package data from /Users/magnojr/projetos/ioc/querocomprar/server/node_modules/jasmine-core/package.json
26 verbose installManyTop reading scoped package data from /Users/magnojr/projetos/ioc/querocomprar/server/node_modules/karma/package.json
27 verbose installManyTop reading scoped package data from /Users/magnojr/projetos/ioc/querocomprar/server/node_modules/karma-browserify/package.json
28 verbose installManyTop reading scoped package data from /Users/magnojr/projetos/ioc/querocomprar/server/node_modules/karma-chrome-launcher/package.json
29 verbose installManyTop reading scoped package data from /Users/magnojr/projetos/ioc/querocomprar/server/node_modules/karma-firefox-launcher/package.json
30 verbose installManyTop reading scoped package data from /Users/magnojr/projetos/ioc/querocomprar/server/node_modules/karma-jasmine/package.json
31 verbose installManyTop reading scoped package data from /Users/magnojr/projetos/ioc/querocomprar/server/node_modules/karma-safari-launcher/package.json
32 verbose installManyTop reading scoped package data from /Users/magnojr/projetos/ioc/querocomprar/server/node_modules/method-override/package.json
33 verbose installManyTop reading scoped package data from /Users/magnojr/projetos/ioc/querocomprar/server/node_modules/mocha/package.json
34 verbose installManyTop reading scoped package data from /Users/magnojr/projetos/ioc/querocomprar/server/node_modules/mocha-mongodb/package.json
35 verbose installManyTop reading scoped package data from /Users/magnojr/projetos/ioc/querocomprar/server/node_modules/mongo-sanitize/package.json
36 verbose installManyTop reading scoped package data from /Users/magnojr/projetos/ioc/querocomprar/server/node_modules/mongodb/package.json
37 verbose installManyTop reading scoped package data from /Users/magnojr/projetos/ioc/querocomprar/server/node_modules/mongoose/package.json
38 verbose installManyTop reading scoped package data from /Users/magnojr/projetos/ioc/querocomprar/server/node_modules/passport/package.json
39 verbose installManyTop reading scoped package data from /Users/magnojr/projetos/ioc/querocomprar/server/node_modules/passport-facebook/package.json
40 verbose installManyTop reading scoped package data from /Users/magnojr/projetos/ioc/querocomprar/server/node_modules/passport-github2/package.json
41 verbose installManyTop reading scoped package data from /Users/magnojr/projetos/ioc/querocomprar/server/node_modules/sinon/package.json
42 verbose installManyTop reading scoped package data from /Users/magnojr/projetos/ioc/querocomprar/server/node_modules/supertest/package.json
43 verbose installManyTop reading scoped package data from /Users/magnojr/projetos/ioc/querocomprar/server/node_modules/supervisor/package.json
44 verbose installManyTop reading scoped package data from /Users/magnojr/projetos/ioc/querocomprar/server/node_modules/watchify/package.json
45 info package.json express-load@1.1.15 No license field.
46 info package.json mongo-sanitize@1.0.0 No repository field.
47 info package.json passport-github2@0.1.10 No license field.
48 verbose readDependencies loading dependencies from /Users/magnojr/projetos/ioc/querocomprar/server/package.json
49 silly cache add args [ 'mongoose-findorcreate-promise', null ]
50 verbose cache add spec mongoose-findorcreate-promise
51 silly cache add parsed spec Result {
51 silly cache add   raw: 'mongoose-findorcreate-promise',
51 silly cache add   scope: null,
51 silly cache add   name: 'mongoose-findorcreate-promise',
51 silly cache add   rawSpec: '',
51 silly cache add   spec: 'latest',
51 silly cache add   type: 'tag' }
52 silly addNamed mongoose-findorcreate-promise@latest
53 verbose addNamed "latest" is being treated as a dist-tag for mongoose-findorcreate-promise
54 info addNameTag [ 'mongoose-findorcreate-promise', 'latest' ]
55 silly mapToRegistry name mongoose-findorcreate-promise
56 silly mapToRegistry using default registry
57 silly mapToRegistry registry https://registry.npmjs.org/
58 silly mapToRegistry data Result {
58 silly mapToRegistry   raw: 'mongoose-findorcreate-promise',
58 silly mapToRegistry   scope: null,
58 silly mapToRegistry   name: 'mongoose-findorcreate-promise',
58 silly mapToRegistry   rawSpec: '',
58 silly mapToRegistry   spec: 'latest',
58 silly mapToRegistry   type: 'tag' }
59 silly mapToRegistry uri https://registry.npmjs.org/mongoose-findorcreate-promise
60 verbose addNameTag registry:https://registry.npmjs.org/mongoose-findorcreate-promise not in flight; fetching
61 verbose request uri https://registry.npmjs.org/mongoose-findorcreate-promise
62 verbose request no auth needed
63 info attempt registry request try #1 at 3:10:14 PM
64 verbose request id 794342b40be9ad97
65 http request GET https://registry.npmjs.org/mongoose-findorcreate-promise
66 http 404 https://registry.npmjs.org/mongoose-findorcreate-promise
67 verbose headers { 'content-type': 'application/json',
67 verbose headers   'cache-control': 'max-age=0',
67 verbose headers   'content-length': '2',
67 verbose headers   'accept-ranges': 'bytes',
67 verbose headers   date: 'Fri, 17 Feb 2017 17:10:14 GMT',
67 verbose headers   via: '1.1 varnish',
67 verbose headers   age: '0',
67 verbose headers   connection: 'keep-alive',
67 verbose headers   'x-served-by': 'cache-gru7120-GRU',
67 verbose headers   'x-cache': 'MISS',
67 verbose headers   'x-cache-hits': '0',
67 verbose headers   'x-timer': 'S1487351413.997951,VS0,VE389',
67 verbose headers   vary: 'Accept-Encoding' }
68 silly get cb [ 404,
68 silly get   { 'content-type': 'application/json',
68 silly get     'cache-control': 'max-age=0',
68 silly get     'content-length': '2',
68 silly get     'accept-ranges': 'bytes',
68 silly get     date: 'Fri, 17 Feb 2017 17:10:14 GMT',
68 silly get     via: '1.1 varnish',
68 silly get     age: '0',
68 silly get     connection: 'keep-alive',
68 silly get     'x-served-by': 'cache-gru7120-GRU',
68 silly get     'x-cache': 'MISS',
68 silly get     'x-cache-hits': '0',
68 silly get     'x-timer': 'S1487351413.997951,VS0,VE389',
68 silly get     vary: 'Accept-Encoding' } ]
69 verbose stack Error: Registry returned 404 for GET on https://registry.npmjs.org/mongoose-findorcreate-promise
69 verbose stack     at makeError (/usr/local/lib/node_modules/npm/node_modules/npm-registry-client/lib/request.js:264:12)
69 verbose stack     at CachingRegistryClient.<anonymous> (/usr/local/lib/node_modules/npm/node_modules/npm-registry-client/lib/request.js:242:14)
69 verbose stack     at Request._callback (/usr/local/lib/node_modules/npm/node_modules/npm-registry-client/lib/request.js:172:14)
69 verbose stack     at Request.self.callback (/usr/local/lib/node_modules/npm/node_modules/request/request.js:199:22)
69 verbose stack     at emitTwo (events.js:87:13)
69 verbose stack     at Request.emit (events.js:172:7)
69 verbose stack     at Request.<anonymous> (/usr/local/lib/node_modules/npm/node_modules/request/request.js:1036:10)
69 verbose stack     at emitOne (events.js:82:20)
69 verbose stack     at Request.emit (events.js:169:7)
69 verbose stack     at IncomingMessage.<anonymous> (/usr/local/lib/node_modules/npm/node_modules/request/request.js:963:12)
70 verbose statusCode 404
71 verbose pkgid mongoose-findorcreate-promise
72 verbose cwd /Users/magnojr/projetos/ioc/querocomprar/server
73 error Darwin 16.4.0
74 error argv "/usr/local/bin/node" "/usr/local/bin/npm" "install" "--save" "mongoose-findorcreate-promise"
75 error node v4.4.3
76 error npm  v2.15.1
77 error code E404
78 error 404 Registry returned 404 for GET on https://registry.npmjs.org/mongoose-findorcreate-promise
78 error 404
78 error 404 'mongoose-findorcreate-promise' is not in the npm registry.
78 error 404 You should bug the author to publish it (or use the name yourself!)
78 error 404 It was specified as a dependency of 'querocomprar_server'
78 error 404
78 error 404 Note that you can also install from a
78 error 404 tarball, folder, http url, or git url.
79 verbose exit [ 1, true ]
